<?xml version="1.0" encoding="UTF-8"?>
<!-- Generated by org.testng.reporters.JUnitReportReporter -->
<testsuite hostname="DESKTOP-5TOV8SL" failures="0" tests="3" name="com.qa.testCases.TC_ValidateMainElements_005" time="14.180" errors="0" timestamp="2023-04-06T22:53:15 IST" skipped="0">
  <testcase classname="com.qa.testCases.TC_ValidateMainElements_005" name="Test1" time="13.780"/>
  <system-out/>
  <testcase classname="com.qa.testCases.TC_ValidateMainElements_005" name="Test3" time="0.156"/>
  <system-out/>
  <testcase classname="com.qa.testCases.TC_ValidateMainElements_005" name="Test2" time="0.244"/>
  <system-out/>
</testsuite> <!-- com.qa.testCases.TC_ValidateMainElements_005 -->
