<?xml version="1.0" encoding="UTF-8"?>
<!-- Generated by org.testng.reporters.JUnitReportReporter -->
<testsuite hostname="DESKTOP-5TOV8SL" failures="0" tests="1" name="com.qa.testCases.TC_linkTest_001" time="9.632" errors="0" timestamp="2023-04-06T22:53:15 IST" skipped="0">
  <testcase classname="com.qa.testCases.TC_linkTest_001" name="linkTest" time="9.632"/>
  <system-out/>
</testsuite> <!-- com.qa.testCases.TC_linkTest_001 -->
