<?xml version="1.0" encoding="UTF-8"?>
<!-- Generated by org.testng.reporters.JUnitReportReporter -->
<testsuite hostname="DESKTOP-5TOV8SL" failures="0" tests="3" name="com.qa.testCases.TC_LinksVerification_004" time="11.762" errors="0" timestamp="2023-04-06T22:53:15 IST" skipped="0">
  <testcase classname="com.qa.testCases.TC_LinksVerification_004" name="Test2" time="2.655"/>
  <system-out/>
  <testcase classname="com.qa.testCases.TC_LinksVerification_004" name="Test1" time="6.845"/>
  <system-out/>
  <testcase classname="com.qa.testCases.TC_LinksVerification_004" name="Test3" time="2.262"/>
  <system-out/>
</testsuite> <!-- com.qa.testCases.TC_LinksVerification_004 -->
