<?xml version="1.0" encoding="UTF-8"?>
<!-- Generated by org.testng.reporters.JUnitReportReporter -->
<testsuite hostname="DESKTOP-5TOV8SL" failures="0" tests="3" name="com.qa.testCases.TC_RegisterPage_002" time="6.284" errors="0" timestamp="2023-04-06T22:53:15 IST" skipped="0">
  <testcase classname="com.qa.testCases.TC_RegisterPage_002" name="Test1" time="3.040"/>
  <system-out/>
  <testcase classname="com.qa.testCases.TC_RegisterPage_002" name="test2" time="3.117"/>
  <system-out/>
  <testcase classname="com.qa.testCases.TC_RegisterPage_002" name="testUserVerify" time="0.127"/>
  <system-out/>
</testsuite> <!-- com.qa.testCases.TC_RegisterPage_002 -->
