<?xml version="1.0" encoding="UTF-8"?>
<!-- Generated by org.testng.reporters.JUnitReportReporter -->
<testsuite hostname="DESKTOP-5TOV8SL" failures="0" tests="4" name="com.qa.testCases.TC_LogINTest_003" time="5.327" errors="0" timestamp="2023-04-06T22:53:15 IST" skipped="0">
  <testcase classname="com.qa.testCases.TC_LogINTest_003" name="Test1" time="2.637"/>
  <system-out/>
  <testcase classname="com.qa.testCases.TC_LogINTest_003" name="test2" time="2.455"/>
  <system-out/>
  <testcase classname="com.qa.testCases.TC_LogINTest_003" name="validUser" time="0.165"/>
  <system-out/>
  <testcase classname="com.qa.testCases.TC_LogINTest_003" name="inValidUser" time="0.070"/>
  <system-out/>
</testsuite> <!-- com.qa.testCases.TC_LogINTest_003 -->
